<?xml version="1.0" encoding="UTF-8"?>
<!-- Generated by org.testng.reporters.JUnitReportReporter -->
<testsuite hostname="QQSPLOXLTP0083" failures="0" tests="6" name="com.hertzbit.restassuredlearning.assesment.POJO" time="2.604" errors="0" timestamp="2022-08-06T18:42:39 IST" skipped="0">
  <testcase classname="com.hertzbit.restassuredlearning.assesment.POJO" name="testGET" time="1.465"/>
  <system-out/>
  <testcase classname="com.hertzbit.restassuredlearning.assesment.POJO" name="testPOST" time="0.267"/>
  <system-out/>
  <testcase classname="com.hertzbit.restassuredlearning.assesment.POJO" name="testGETUser" time="0.193"/>
  <system-out/>
  <testcase classname="com.hertzbit.restassuredlearning.assesment.POJO" name="testPUTAPI" time="0.196"/>
  <system-out/>
  <testcase classname="com.hertzbit.restassuredlearning.assesment.POJO" name="testDELETEAPI" time="0.215"/>
  <system-out/>
  <testcase classname="com.hertzbit.restassuredlearning.assesment.POJO" name="testGETAPI" time="0.268"/>
  <system-out/>
</testsuite> <!-- com.hertzbit.restassuredlearning.assesment.POJO -->
