<?xml version="1.0" encoding="UTF-8"?>
<!-- Generated by org.testng.reporters.JUnitReportReporter -->
<testsuite hostname="QQSPLOXLTP0083" failures="0" tests="7" name="com.hertzbit.restassuredlearning.assesment.ValidatePOJO" time="3.160" errors="0" timestamp="2022-08-07T12:40:08 IST" skipped="0">
  <testcase classname="com.hertzbit.restassuredlearning.assesment.ValidatePOJO" name="postUserTest" time="0.189"/>
  <system-out/>
  <testcase classname="com.hertzbit.restassuredlearning.assesment.ValidatePOJO" name="postUserTest" time="0.176"/>
  <system-out/>
  <testcase classname="com.hertzbit.restassuredlearning.assesment.ValidatePOJO" name="getAllUsersTest" time="1.977"/>
  <system-out/>
  <testcase classname="com.hertzbit.restassuredlearning.assesment.ValidatePOJO" name="testGETUser" time="0.236"/>
  <system-out/>
  <testcase classname="com.hertzbit.restassuredlearning.assesment.ValidatePOJO" name="putUserTest" time="0.179"/>
  <system-out/>
  <testcase classname="com.hertzbit.restassuredlearning.assesment.ValidatePOJO" name="putUserTest" time="0.245"/>
  <system-out/>
  <testcase classname="com.hertzbit.restassuredlearning.assesment.ValidatePOJO" name="deleteUserTest" time="0.158"/>
  <system-out/>
</testsuite> <!-- com.hertzbit.restassuredlearning.assesment.ValidatePOJO -->
